The target system is: Generic -  - 
The host system is: Linux - 6.17.0-14-generic - x86_64
Compiling the C compiler identification source file "CMakeCCompilerId.c" succeeded.
Compiler: /home/yoshida/.platformio/packages/toolchain-xtensa-esp-elf/bin/xtensa-esp32-elf-gcc 
Build flags: -mlongcalls;-Wno-frame-address;;-fno-builtin-memcpy;-fno-builtin-memset;-fno-builtin-bzero;-fno-builtin-stpcpy;-fno-builtin-strncpy
Id flags:  

The output was:
0


Compilation of the C compiler identification source "CMakeCCompilerId.c" produced "a.out"

The C compiler identification is GNU, found in "/home/yoshida/study/Mecanum_Control/.pio/build/esp32/CMakeFiles/3.16.4/CompilerIdC/a.out"

Compiling the CXX compiler identification source file "CMakeCXXCompilerId.cpp" succeeded.
Compiler: /home/yoshida/.platformio/packages/toolchain-xtensa-esp-elf/bin/xtensa-esp32-elf-g++ 
Build flags: -mlongcalls;-Wno-frame-address;;-fno-builtin-memcpy;-fno-builtin-memset;-fno-builtin-bzero;-fno-builtin-stpcpy;-fno-builtin-strncpy
Id flags:  

The output was:
0


Compilation of the CXX compiler identification source "CMakeCXXCompilerId.cpp" produced "a.out"

The CXX compiler identification is GNU, found in "/home/yoshida/study/Mecanum_Control/.pio/build/esp32/CMakeFiles/3.16.4/CompilerIdCXX/a.out"

Checking whether the ASM compiler is GNU using "--version" matched "(GNU assembler)|(GCC)|(Free Software Foundation)":
xtensa-esp-elf-gcc (crosstool-NG esp-13.2.0_20230928) 13.2.0
Copyright (C) 2023 Free Software Foundation, Inc.
This is free software; see the source for copying conditions.  There is NO
warranty; not even for MERCHANTABILITY or FITNESS FOR A PARTICULAR PURPOSE.

Determining if the C compiler works passed with the following output:
Change Dir: /home/yoshida/study/Mecanum_Control/.pio/build/esp32/CMakeFiles/CMakeTmp

Run Build Command(s):/home/yoshida/.platformio/packages/tool-ninja/ninja cmTC_ba491 && [1/2] Building C object CMakeFiles/cmTC_ba491.dir/testCCompiler.c.obj
[2/2] Linking C executable cmTC_ba491



Detecting C compiler ABI info compiled with the following output:
Change Dir: /home/yoshida/study/Mecanum_Control/.pio/build/esp32/CMakeFiles/CMakeTmp

Run Build Command(s):/home/yoshida/.platformio/packages/tool-ninja/ninja cmTC_4d7d5 && [1/2] Building C object CMakeFiles/cmTC_4d7d5.dir/CMakeCCompilerABI.c.obj
Using built-in specs.
COLLECT_GCC=/home/yoshida/.platformio/packages/toolchain-xtensa-esp-elf/bin/xtensa-esp-elf-gcc
Target: xtensa-esp-elf
Configured with: /builds/idf/crosstool-NG/.build/xtensa-esp-elf/src/gcc/configure --build=x86_64-build_pc-linux-gnu --host=x86_64-build_pc-linux-gnu --target=xtensa-esp-elf --prefix=/builds/idf/crosstool-NG/builds/xtensa-esp-elf --exec_prefix=/builds/idf/crosstool-NG/builds/xtensa-esp-elf --with-local-prefix=/builds/idf/crosstool-NG/builds/xtensa-esp-elf/xtensa-esp-elf --with-headers=/builds/idf/crosstool-NG/builds/xtensa-esp-elf/xtensa-esp-elf/include --with-newlib --enable-threads=no --disable-shared --with-pkgversion='crosstool-NG esp-13.2.0_20230928' --disable-__cxa_atexit --enable-cxx-flags=-ffunction-sections --disable-libgomp --disable-libmudflap --disable-libmpx --disable-libssp --disable-libquadmath --disable-libquadmath-support --disable-libstdcxx-verbose --with-gmp=/builds/idf/crosstool-NG/.build/xtensa-esp-elf/buildtools --with-mpfr=/builds/idf/crosstool-NG/.build/xtensa-esp-elf/buildtools --with-mpc=/builds/idf/crosstool-NG/.build/xtensa-esp-elf/buildtools --with-isl=/builds/idf/crosstool-NG/.build/xtensa-esp-elf/buildtools --enable-lto --enable-target-optspace --without-long-double-128 --disable-nls --enable-multiarch --enable-languages=c,c++ --disable-libstdcxx-verbose --enable-threads=posix --enable-gcov-custom-rtio --enable-libstdcxx-time=yes
Thread model: posix
Supported LTO compression algorithms: zlib
gcc version 13.2.0 (crosstool-NG esp-13.2.0_20230928) 
COLLECT_GCC_OPTIONS='-mdynconfig=xtensa_esp32.so' '-mlongcalls' '-Wno-frame-address' '-fno-builtin-memcpy' '-fno-builtin-memset' '-fno-builtin-bzero' '-fno-builtin-stpcpy' '-fno-builtin-strncpy' '-v' '-o' 'CMakeFiles/cmTC_4d7d5.dir/CMakeCCompilerABI.c.obj' '-c' '-dumpdir' 'CMakeFiles/cmTC_4d7d5.dir/'
 /home/yoshida/.platformio/packages/toolchain-xtensa-esp-elf/bin/../libexec/gcc/xtensa-esp-elf/13.2.0/cc1 -quiet -v -imultilib esp32 -iprefix /home/yoshida/.platformio/packages/toolchain-xtensa-esp-elf/bin/../lib/gcc/xtensa-esp-elf/13.2.0/ /home/yoshida/.platformio/packages/tool-cmake@3.16.4/share/cmake-3.16/Modules/CMakeCCompilerABI.c -quiet -dumpdir CMakeFiles/cmTC_4d7d5.dir/ -dumpbase CMakeCCompilerABI.c.c -dumpbase-ext .c -mdynconfig=xtensa_esp32.so -mlongcalls -Wno-frame-address -version -fno-builtin-memcpy -fno-builtin-memset -fno-builtin-bzero -fno-builtin-stpcpy -fno-builtin-strncpy -o /tmp/cclOrGL6.s
GNU C17 (crosstool-NG esp-13.2.0_20230928) version 13.2.0 (xtensa-esp-elf)
	compiled by GNU C version 4.9.2, GMP version 6.2.1, MPFR version 4.1.0, MPC version 1.2.1, isl version isl-0.24-GMP

GGC heuristics: --param ggc-min-expand=100 --param ggc-min-heapsize=131072
ignoring duplicate directory "/home/yoshida/.platformio/packages/toolchain-xtensa-esp-elf/bin/../lib/gcc/../../lib/gcc/xtensa-esp-elf/13.2.0/include"
ignoring duplicate directory "/home/yoshida/.platformio/packages/toolchain-xtensa-esp-elf/bin/../lib/gcc/../../lib/gcc/xtensa-esp-elf/13.2.0/include-fixed"
ignoring duplicate directory "/home/yoshida/.platformio/packages/toolchain-xtensa-esp-elf/bin/../lib/gcc/../../lib/gcc/xtensa-esp-elf/13.2.0/../../../../xtensa-esp-elf/sys-include"
ignoring duplicate directory "/home/yoshida/.platformio/packages/toolchain-xtensa-esp-elf/bin/../lib/gcc/../../lib/gcc/xtensa-esp-elf/13.2.0/../../../../xtensa-esp-elf/include"
#include "..." search starts here:
#include <...> search starts here:
 /home/yoshida/.platformio/packages/toolchain-xtensa-esp-elf/bin/../lib/gcc/xtensa-esp-elf/13.2.0/include
 /home/yoshida/.platformio/packages/toolchain-xtensa-esp-elf/bin/../lib/gcc/xtensa-esp-elf/13.2.0/include-fixed
 /home/yoshida/.platformio/packages/toolchain-xtensa-esp-elf/bin/../lib/gcc/xtensa-esp-elf/13.2.0/../../../../xtensa-esp-elf/sys-include
 /home/yoshida/.platformio/packages/toolchain-xtensa-esp-elf/bin/../lib/gcc/xtensa-esp-elf/13.2.0/../../../../xtensa-esp-elf/include
End of search list.
Compiler executable checksum: 4539739640aaddb8d2d8a8b528c1da63
COLLECT_GCC_OPTIONS='-mdynconfig=xtensa_esp32.so' '-mlongcalls' '-Wno-frame-address' '-fno-builtin-memcpy' '-fno-builtin-memset' '-fno-builtin-bzero' '-fno-builtin-stpcpy' '-fno-builtin-strncpy' '-v' '-o' 'CMakeFiles/cmTC_4d7d5.dir/CMakeCCompilerABI.c.obj' '-c' '-dumpdir' 'CMakeFiles/cmTC_4d7d5.dir/'
 /home/yoshida/.platformio/packages/toolchain-xtensa-esp-elf/bin/../lib/gcc/xtensa-esp-elf/13.2.0/../../../../xtensa-esp-elf/bin/as --traditional-format --longcalls --dynconfig=xtensa_esp32.so -o CMakeFiles/cmTC_4d7d5.dir/CMakeCCompilerABI.c.obj /tmp/cclOrGL6.s
COMPILER_PATH=/home/yoshida/.platformio/packages/toolchain-xtensa-esp-elf/bin/../libexec/gcc/xtensa-esp-elf/13.2.0/:/home/yoshida/.platformio/packages/toolchain-xtensa-esp-elf/bin/../libexec/gcc/:/home/yoshida/.platformio/packages/toolchain-xtensa-esp-elf/bin/../lib/gcc/xtensa-esp-elf/13.2.0/../../../../xtensa-esp-elf/bin/
LIBRARY_PATH=/home/yoshida/.platformio/packages/toolchain-xtensa-esp-elf/bin/../lib/gcc/xtensa-esp-elf/13.2.0/esp32/:/home/yoshida/.platformio/packages/toolchain-xtensa-esp-elf/bin/../lib/gcc/xtensa-esp-elf/13.2.0/../../../../xtensa-esp-elf/lib/esp32/:/home/yoshida/.platformio/packages/toolchain-xtensa-esp-elf/bin/../lib/gcc/xtensa-esp-elf/13.2.0/:/home/yoshida/.platformio/packages/toolchain-xtensa-esp-elf/bin/../lib/gcc/:/home/yoshida/.platformio/packages/toolchain-xtensa-esp-elf/bin/../lib/gcc/xtensa-esp-elf/13.2.0/../../../../xtensa-esp-elf/lib/
COLLECT_GCC_OPTIONS='-mdynconfig=xtensa_esp32.so' '-mlongcalls' '-Wno-frame-address' '-fno-builtin-memcpy' '-fno-builtin-memset' '-fno-builtin-bzero' '-fno-builtin-stpcpy' '-fno-builtin-strncpy' '-v' '-o' 'CMakeFiles/cmTC_4d7d5.dir/CMakeCCompilerABI.c.obj' '-c' '-dumpdir' 'CMakeFiles/cmTC_4d7d5.dir/CMakeCCompilerABI.c.'
[2/2] Linking C executable cmTC_4d7d5
Using built-in specs.
COLLECT_GCC=/home/yoshida/.platformio/packages/toolchain-xtensa-esp-elf/bin/xtensa-esp-elf-gcc
COLLECT_LTO_WRAPPER=/home/yoshida/.platformio/packages/toolchain-xtensa-esp-elf/bin/../libexec/gcc/xtensa-esp-elf/13.2.0/lto-wrapper
Target: xtensa-esp-elf
Configured with: /builds/idf/crosstool-NG/.build/xtensa-esp-elf/src/gcc/configure --build=x86_64-build_pc-linux-gnu --host=x86_64-build_pc-linux-gnu --target=xtensa-esp-elf --prefix=/builds/idf/crosstool-NG/builds/xtensa-esp-elf --exec_prefix=/builds/idf/crosstool-NG/builds/xtensa-esp-elf --with-local-prefix=/builds/idf/crosstool-NG/builds/xtensa-esp-elf/xtensa-esp-elf --with-headers=/builds/idf/crosstool-NG/builds/xtensa-esp-elf/xtensa-esp-elf/include --with-newlib --enable-threads=no --disable-shared --with-pkgversion='crosstool-NG esp-13.2.0_20230928' --disable-__cxa_atexit --enable-cxx-flags=-ffunction-sections --disable-libgomp --disable-libmudflap --disable-libmpx --disable-libssp --disable-libquadmath --disable-libquadmath-support --disable-libstdcxx-verbose --with-gmp=/builds/idf/crosstool-NG/.build/xtensa-esp-elf/buildtools --with-mpfr=/builds/idf/crosstool-NG/.build/xtensa-esp-elf/buildtools --with-mpc=/builds/idf/crosstool-NG/.build/xtensa-esp-elf/buildtools --with-isl=/builds/idf/crosstool-NG/.build/xtensa-esp-elf/buildtools --enable-lto --enable-target-optspace --without-long-double-128 --disable-nls --enable-multiarch --enable-languages=c,c++ --disable-libstdcxx-verbose --enable-threads=posix --enable-gcov-custom-rtio --enable-libstdcxx-time=yes
Thread model: posix
Supported LTO compression algorithms: zlib
gcc version 13.2.0 (crosstool-NG esp-13.2.0_20230928) 
COMPILER_PATH=/home/yoshida/.platformio/packages/toolchain-xtensa-esp-elf/bin/../libexec/gcc/xtensa-esp-elf/13.2.0/:/home/yoshida/.platformio/packages/toolchain-xtensa-esp-elf/bin/../libexec/gcc/:/home/yoshida/.platformio/packages/toolchain-xtensa-esp-elf/bin/../lib/gcc/xtensa-esp-elf/13.2.0/../../../../xtensa-esp-elf/bin/
LIBRARY_PATH=/home/yoshida/.platformio/packages/toolchain-xtensa-esp-elf/bin/../lib/gcc/xtensa-esp-elf/13.2.0/esp32/:/home/yoshida/.platformio/packages/toolchain-xtensa-esp-elf/bin/../lib/gcc/xtensa-esp-elf/13.2.0/../../../../xtensa-esp-elf/lib/esp32/:/home/yoshida/.platformio/packages/toolchain-xtensa-esp-elf/bin/../lib/gcc/xtensa-esp-elf/13.2.0/:/home/yoshida/.platformio/packages/toolchain-xtensa-esp-elf/bin/../lib/gcc/:/home/yoshida/.platformio/packages/toolchain-xtensa-esp-elf/bin/../lib/gcc/xtensa-esp-elf/13.2.0/../../../../xtensa-esp-elf/lib/
COLLECT_GCC_OPTIONS='-mdynconfig=xtensa_esp32.so' '-mlongcalls' '-Wno-frame-address' '-fno-builtin-memcpy' '-fno-builtin-memset' '-fno-builtin-bzero' '-fno-builtin-stpcpy' '-fno-builtin-strncpy' '-v' '-o' 'cmTC_4d7d5' '-dumpdir' 'cmTC_4d7d5.'
 /home/yoshida/.platformio/packages/toolchain-xtensa-esp-elf/bin/../libexec/gcc/xtensa-esp-elf/13.2.0/collect2 -plugin /home/yoshida/.platformio/packages/toolchain-xtensa-esp-elf/bin/../libexec/gcc/xtensa-esp-elf/13.2.0/liblto_plugin.so -plugin-opt=/home/yoshida/.platformio/packages/toolchain-xtensa-esp-elf/bin/../libexec/gcc/xtensa-esp-elf/13.2.0/lto-wrapper -plugin-opt=-fresolution=/tmp/ccQQMWxr.res -plugin-opt=-pass-through=-lgcc -plugin-opt=-pass-through=-lc -plugin-opt=-pass-through=-lnosys -plugin-opt=-pass-through=-lc -plugin-opt=-pass-through=-lgcc --dynconfig=xtensa_esp32.so -o cmTC_4d7d5 /home/yoshida/.platformio/packages/toolchain-xtensa-esp-elf/bin/../lib/gcc/xtensa-esp-elf/13.2.0/../../../../xtensa-esp-elf/lib/esp32/crt0.o /home/yoshida/.platformio/packages/toolchain-xtensa-esp-elf/bin/../lib/gcc/xtensa-esp-elf/13.2.0/esp32/crti.o /home/yoshida/.platformio/packages/toolchain-xtensa-esp-elf/bin/../lib/gcc/xtensa-esp-elf/13.2.0/esp32/crtbegin.o -L/home/yoshida/.platformio/packages/toolchain-xtensa-esp-elf/bin/../lib/gcc/xtensa-esp-elf/13.2.0/esp32 -L/home/yoshida/.platformio/packages/toolchain-xtensa-esp-elf/bin/../lib/gcc/xtensa-esp-elf/13.2.0/../../../../xtensa-esp-elf/lib/esp32 -L/home/yoshida/.platformio/packages/toolchain-xtensa-esp-elf/bin/../lib/gcc/xtensa-esp-elf/13.2.0 -L/home/yoshida/.platformio/packages/toolchain-xtensa-esp-elf/bin/../lib/gcc -L/home/yoshida/.platformio/packages/toolchain-xtensa-esp-elf/bin/../lib/gcc/xtensa-esp-elf/13.2.0/../../../../xtensa-esp-elf/lib CMakeFiles/cmTC_4d7d5.dir/CMakeCCompilerABI.c.obj -lgcc -lc -lnosys -lc -lgcc /home/yoshida/.platformio/packages/toolchain-xtensa-esp-elf/bin/../lib/gcc/xtensa-esp-elf/13.2.0/esp32/crtend.o /home/yoshida/.platformio/packages/toolchain-xtensa-esp-elf/bin/../lib/gcc/xtensa-esp-elf/13.2.0/esp32/crtn.o
COLLECT_GCC_OPTIONS='-mdynconfig=xtensa_esp32.so' '-mlongcalls' '-Wno-frame-address' '-fno-builtin-memcpy' '-fno-builtin-memset' '-fno-builtin-bzero' '-fno-builtin-stpcpy' '-fno-builtin-strncpy' '-v' '-o' 'cmTC_4d7d5' '-dumpdir' 'cmTC_4d7d5.'



Parsed C implicit include dir info from above output: rv=done
  found start of include info
  found start of implicit include info
    add: [/home/yoshida/.platformio/packages/toolchain-xtensa-esp-elf/bin/../lib/gcc/xtensa-esp-elf/13.2.0/include]
    add: [/home/yoshida/.platformio/packages/toolchain-xtensa-esp-elf/bin/../lib/gcc/xtensa-esp-elf/13.2.0/include-fixed]
    add: [/home/yoshida/.platformio/packages/toolchain-xtensa-esp-elf/bin/../lib/gcc/xtensa-esp-elf/13.2.0/../../../../xtensa-esp-elf/sys-include]
    add: [/home/yoshida/.platformio/packages/toolchain-xtensa-esp-elf/bin/../lib/gcc/xtensa-esp-elf/13.2.0/../../../../xtensa-esp-elf/include]
  end of search list found
  collapse include dir [/home/yoshida/.platformio/packages/toolchain-xtensa-esp-elf/bin/../lib/gcc/xtensa-esp-elf/13.2.0/include] ==> [/home/yoshida/.platformio/packages/toolchain-xtensa-esp-elf/lib/gcc/xtensa-esp-elf/13.2.0/include]
  collapse include dir [/home/yoshida/.platformio/packages/toolchain-xtensa-esp-elf/bin/../lib/gcc/xtensa-esp-elf/13.2.0/include-fixed] ==> [/home/yoshida/.platformio/packages/toolchain-xtensa-esp-elf/lib/gcc/xtensa-esp-elf/13.2.0/include-fixed]
  collapse include dir [/home/yoshida/.platformio/packages/toolchain-xtensa-esp-elf/bin/../lib/gcc/xtensa-esp-elf/13.2.0/../../../../xtensa-esp-elf/sys-include] ==> [/home/yoshida/.platformio/packages/toolchain-xtensa-esp-elf/xtensa-esp-elf/sys-include]
  collapse include dir [/home/yoshida/.platformio/packages/toolchain-xtensa-esp-elf/bin/../lib/gcc/xtensa-esp-elf/13.2.0/../../../../xtensa-esp-elf/include] ==> [/home/yoshida/.platformio/packages/toolchain-xtensa-esp-elf/xtensa-esp-elf/include]
  implicit include dirs: [/home/yoshida/.platformio/packages/toolchain-xtensa-esp-elf/lib/gcc/xtensa-esp-elf/13.2.0/include;/home/yoshida/.platformio/packages/toolchain-xtensa-esp-elf/lib/gcc/xtensa-esp-elf/13.2.0/include-fixed;/home/yoshida/.platformio/packages/toolchain-xtensa-esp-elf/xtensa-esp-elf/sys-include;/home/yoshida/.platformio/packages/toolchain-xtensa-esp-elf/xtensa-esp-elf/include]


Parsed C implicit link information from above output:
  link line regex: [^( *|.*[/\])(xtensa-esp32-elf-ld|CMAKE_LINK_STARTFILE-NOTFOUND|([^/\]+-)?ld|collect2)[^/\]*( |$)]
  ignore line: [Change Dir: /home/yoshida/study/Mecanum_Control/.pio/build/esp32/CMakeFiles/CMakeTmp]
  ignore line: []
  ignore line: [Run Build Command(s):/home/yoshida/.platformio/packages/tool-ninja/ninja cmTC_4d7d5 && [1/2] Building C object CMakeFiles/cmTC_4d7d5.dir/CMakeCCompilerABI.c.obj]
  ignore line: [Using built-in specs.]
  ignore line: [COLLECT_GCC=/home/yoshida/.platformio/packages/toolchain-xtensa-esp-elf/bin/xtensa-esp-elf-gcc]
  ignore line: [Target: xtensa-esp-elf]
  ignore line: [Configured with: /builds/idf/crosstool-NG/.build/xtensa-esp-elf/src/gcc/configure --build=x86_64-build_pc-linux-gnu --host=x86_64-build_pc-linux-gnu --target=xtensa-esp-elf --prefix=/builds/idf/crosstool-NG/builds/xtensa-esp-elf --exec_prefix=/builds/idf/crosstool-NG/builds/xtensa-esp-elf --with-local-prefix=/builds/idf/crosstool-NG/builds/xtensa-esp-elf/xtensa-esp-elf --with-headers=/builds/idf/crosstool-NG/builds/xtensa-esp-elf/xtensa-esp-elf/include --with-newlib --enable-threads=no --disable-shared --with-pkgversion='crosstool-NG esp-13.2.0_20230928' --disable-__cxa_atexit --enable-cxx-flags=-ffunction-sections --disable-libgomp --disable-libmudflap --disable-libmpx --disable-libssp --disable-libquadmath --disable-libquadmath-support --disable-libstdcxx-verbose --with-gmp=/builds/idf/crosstool-NG/.build/xtensa-esp-elf/buildtools --with-mpfr=/builds/idf/crosstool-NG/.build/xtensa-esp-elf/buildtools --with-mpc=/builds/idf/crosstool-NG/.build/xtensa-esp-elf/buildtools --with-isl=/builds/idf/crosstool-NG/.build/xtensa-esp-elf/buildtools --enable-lto --enable-target-optspace --without-long-double-128 --disable-nls --enable-multiarch --enable-languages=c c++ --disable-libstdcxx-verbose --enable-threads=posix --enable-gcov-custom-rtio --enable-libstdcxx-time=yes]
  ignore line: [Thread model: posix]
  ignore line: [Supported LTO compression algorithms: zlib]
  ignore line: [gcc version 13.2.0 (crosstool-NG esp-13.2.0_20230928) ]
  ignore line: [COLLECT_GCC_OPTIONS='-mdynconfig=xtensa_esp32.so' '-mlongcalls' '-Wno-frame-address' '-fno-builtin-memcpy' '-fno-builtin-memset' '-fno-builtin-bzero' '-fno-builtin-stpcpy' '-fno-builtin-strncpy' '-v' '-o' 'CMakeFiles/cmTC_4d7d5.dir/CMakeCCompilerABI.c.obj' '-c' '-dumpdir' 'CMakeFiles/cmTC_4d7d5.dir/']
  ignore line: [ /home/yoshida/.platformio/packages/toolchain-xtensa-esp-elf/bin/../libexec/gcc/xtensa-esp-elf/13.2.0/cc1 -quiet -v -imultilib esp32 -iprefix /home/yoshida/.platformio/packages/toolchain-xtensa-esp-elf/bin/../lib/gcc/xtensa-esp-elf/13.2.0/ /home/yoshida/.platformio/packages/tool-cmake@3.16.4/share/cmake-3.16/Modules/CMakeCCompilerABI.c -quiet -dumpdir CMakeFiles/cmTC_4d7d5.dir/ -dumpbase CMakeCCompilerABI.c.c -dumpbase-ext .c -mdynconfig=xtensa_esp32.so -mlongcalls -Wno-frame-address -version -fno-builtin-memcpy -fno-builtin-memset -fno-builtin-bzero -fno-builtin-stpcpy -fno-builtin-strncpy -o /tmp/cclOrGL6.s]
  ignore line: [GNU C17 (crosstool-NG esp-13.2.0_20230928) version 13.2.0 (xtensa-esp-elf)]
  ignore line: [	compiled by GNU C version 4.9.2  GMP version 6.2.1  MPFR version 4.1.0  MPC version 1.2.1  isl version isl-0.24-GMP]
  ignore line: []
  ignore line: [GGC heuristics: --param ggc-min-expand=100 --param ggc-min-heapsize=131072]
  ignore line: [ignoring duplicate directory "/home/yoshida/.platformio/packages/toolchain-xtensa-esp-elf/bin/../lib/gcc/../../lib/gcc/xtensa-esp-elf/13.2.0/include"]
  ignore line: [ignoring duplicate directory "/home/yoshida/.platformio/packages/toolchain-xtensa-esp-elf/bin/../lib/gcc/../../lib/gcc/xtensa-esp-elf/13.2.0/include-fixed"]
  ignore line: [ignoring duplicate directory "/home/yoshida/.platformio/packages/toolchain-xtensa-esp-elf/bin/../lib/gcc/../../lib/gcc/xtensa-esp-elf/13.2.0/../../../../xtensa-esp-elf/sys-include"]
  ignore line: [ignoring duplicate directory "/home/yoshida/.platformio/packages/toolchain-xtensa-esp-elf/bin/../lib/gcc/../../lib/gcc/xtensa-esp-elf/13.2.0/../../../../xtensa-esp-elf/include"]
  ignore line: [#include "..." search starts here:]
  ignore line: [#include <...> search starts here:]
  ignore line: [ /home/yoshida/.platformio/packages/toolchain-xtensa-esp-elf/bin/../lib/gcc/xtensa-esp-elf/13.2.0/include]
  ignore line: [ /home/yoshida/.platformio/packages/toolchain-xtensa-esp-elf/bin/../lib/gcc/xtensa-esp-elf/13.2.0/include-fixed]
  ignore line: [ /home/yoshida/.platformio/packages/toolchain-xtensa-esp-elf/bin/../lib/gcc/xtensa-esp-elf/13.2.0/../../../../xtensa-esp-elf/sys-include]
  ignore line: [ /home/yoshida/.platformio/packages/toolchain-xtensa-esp-elf/bin/../lib/gcc/xtensa-esp-elf/13.2.0/../../../../xtensa-esp-elf/include]
  ignore line: [End of search list.]
  ignore line: [Compiler executable checksum: 4539739640aaddb8d2d8a8b528c1da63]
  ignore line: [COLLECT_GCC_OPTIONS='-mdynconfig=xtensa_esp32.so' '-mlongcalls' '-Wno-frame-address' '-fno-builtin-memcpy' '-fno-builtin-memset' '-fno-builtin-bzero' '-fno-builtin-stpcpy' '-fno-builtin-strncpy' '-v' '-o' 'CMakeFiles/cmTC_4d7d5.dir/CMakeCCompilerABI.c.obj' '-c' '-dumpdir' 'CMakeFiles/cmTC_4d7d5.dir/']
  ignore line: [ /home/yoshida/.platformio/packages/toolchain-xtensa-esp-elf/bin/../lib/gcc/xtensa-esp-elf/13.2.0/../../../../xtensa-esp-elf/bin/as --traditional-format --longcalls --dynconfig=xtensa_esp32.so -o CMakeFiles/cmTC_4d7d5.dir/CMakeCCompilerABI.c.obj /tmp/cclOrGL6.s]
  ignore line: [COMPILER_PATH=/home/yoshida/.platformio/packages/toolchain-xtensa-esp-elf/bin/../libexec/gcc/xtensa-esp-elf/13.2.0/:/home/yoshida/.platformio/packages/toolchain-xtensa-esp-elf/bin/../libexec/gcc/:/home/yoshida/.platformio/packages/toolchain-xtensa-esp-elf/bin/../lib/gcc/xtensa-esp-elf/13.2.0/../../../../xtensa-esp-elf/bin/]
  ignore line: [LIBRARY_PATH=/home/yoshida/.platformio/packages/toolchain-xtensa-esp-elf/bin/../lib/gcc/xtensa-esp-elf/13.2.0/esp32/:/home/yoshida/.platformio/packages/toolchain-xtensa-esp-elf/bin/../lib/gcc/xtensa-esp-elf/13.2.0/../../../../xtensa-esp-elf/lib/esp32/:/home/yoshida/.platformio/packages/toolchain-xtensa-esp-elf/bin/../lib/gcc/xtensa-esp-elf/13.2.0/:/home/yoshida/.platformio/packages/toolchain-xtensa-esp-elf/bin/../lib/gcc/:/home/yoshida/.platformio/packages/toolchain-xtensa-esp-elf/bin/../lib/gcc/xtensa-esp-elf/13.2.0/../../../../xtensa-esp-elf/lib/]
  ignore line: [COLLECT_GCC_OPTIONS='-mdynconfig=xtensa_esp32.so' '-mlongcalls' '-Wno-frame-address' '-fno-builtin-memcpy' '-fno-builtin-memset' '-fno-builtin-bzero' '-fno-builtin-stpcpy' '-fno-builtin-strncpy' '-v' '-o' 'CMakeFiles/cmTC_4d7d5.dir/CMakeCCompilerABI.c.obj' '-c' '-dumpdir' 'CMakeFiles/cmTC_4d7d5.dir/CMakeCCompilerABI.c.']
  ignore line: [[2/2] Linking C executable cmTC_4d7d5]
  ignore line: [Using built-in specs.]
  ignore line: [COLLECT_GCC=/home/yoshida/.platformio/packages/toolchain-xtensa-esp-elf/bin/xtensa-esp-elf-gcc]
  ignore line: [COLLECT_LTO_WRAPPER=/home/yoshida/.platformio/packages/toolchain-xtensa-esp-elf/bin/../libexec/gcc/xtensa-esp-elf/13.2.0/lto-wrapper]
  ignore line: [Target: xtensa-esp-elf]
  ignore line: [Configured with: /builds/idf/crosstool-NG/.build/xtensa-esp-elf/src/gcc/configure --build=x86_64-build_pc-linux-gnu --host=x86_64-build_pc-linux-gnu --target=xtensa-esp-elf --prefix=/builds/idf/crosstool-NG/builds/xtensa-esp-elf --exec_prefix=/builds/idf/crosstool-NG/builds/xtensa-esp-elf --with-local-prefix=/builds/idf/crosstool-NG/builds/xtensa-esp-elf/xtensa-esp-elf --with-headers=/builds/idf/crosstool-NG/builds/xtensa-esp-elf/xtensa-esp-elf/include --with-newlib --enable-threads=no --disable-shared --with-pkgversion='crosstool-NG esp-13.2.0_20230928' --disable-__cxa_atexit --enable-cxx-flags=-ffunction-sections --disable-libgomp --disable-libmudflap --disable-libmpx --disable-libssp --disable-libquadmath --disable-libquadmath-support --disable-libstdcxx-verbose --with-gmp=/builds/idf/crosstool-NG/.build/xtensa-esp-elf/buildtools --with-mpfr=/builds/idf/crosstool-NG/.build/xtensa-esp-elf/buildtools --with-mpc=/builds/idf/crosstool-NG/.build/xtensa-esp-elf/buildtools --with-isl=/builds/idf/crosstool-NG/.build/xtensa-esp-elf/buildtools --enable-lto --enable-target-optspace --without-long-double-128 --disable-nls --enable-multiarch --enable-languages=c c++ --disable-libstdcxx-verbose --enable-threads=posix --enable-gcov-custom-rtio --enable-libstdcxx-time=yes]
  ignore line: [Thread model: posix]
  ignore line: [Supported LTO compression algorithms: zlib]
  ignore line: [gcc version 13.2.0 (crosstool-NG esp-13.2.0_20230928) ]
  ignore line: [COMPILER_PATH=/home/yoshida/.platformio/packages/toolchain-xtensa-esp-elf/bin/../libexec/gcc/xtensa-esp-elf/13.2.0/:/home/yoshida/.platformio/packages/toolchain-xtensa-esp-elf/bin/../libexec/gcc/:/home/yoshida/.platformio/packages/toolchain-xtensa-esp-elf/bin/../lib/gcc/xtensa-esp-elf/13.2.0/../../../../xtensa-esp-elf/bin/]
  ignore line: [LIBRARY_PATH=/home/yoshida/.platformio/packages/toolchain-xtensa-esp-elf/bin/../lib/gcc/xtensa-esp-elf/13.2.0/esp32/:/home/yoshida/.platformio/packages/toolchain-xtensa-esp-elf/bin/../lib/gcc/xtensa-esp-elf/13.2.0/../../../../xtensa-esp-elf/lib/esp32/:/home/yoshida/.platformio/packages/toolchain-xtensa-esp-elf/bin/../lib/gcc/xtensa-esp-elf/13.2.0/:/home/yoshida/.platformio/packages/toolchain-xtensa-esp-elf/bin/../lib/gcc/:/home/yoshida/.platformio/packages/toolchain-xtensa-esp-elf/bin/../lib/gcc/xtensa-esp-elf/13.2.0/../../../../xtensa-esp-elf/lib/]
  ignore line: [COLLECT_GCC_OPTIONS='-mdynconfig=xtensa_esp32.so' '-mlongcalls' '-Wno-frame-address' '-fno-builtin-memcpy' '-fno-builtin-memset' '-fno-builtin-bzero' '-fno-builtin-stpcpy' '-fno-builtin-strncpy' '-v' '-o' 'cmTC_4d7d5' '-dumpdir' 'cmTC_4d7d5.']
  link line: [ /home/yoshida/.platformio/packages/toolchain-xtensa-esp-elf/bin/../libexec/gcc/xtensa-esp-elf/13.2.0/collect2 -plugin /home/yoshida/.platformio/packages/toolchain-xtensa-esp-elf/bin/../libexec/gcc/xtensa-esp-elf/13.2.0/liblto_plugin.so -plugin-opt=/home/yoshida/.platformio/packages/toolchain-xtensa-esp-elf/bin/../libexec/gcc/xtensa-esp-elf/13.2.0/lto-wrapper -plugin-opt=-fresolution=/tmp/ccQQMWxr.res -plugin-opt=-pass-through=-lgcc -plugin-opt=-pass-through=-lc -plugin-opt=-pass-through=-lnosys -plugin-opt=-pass-through=-lc -plugin-opt=-pass-through=-lgcc --dynconfig=xtensa_esp32.so -o cmTC_4d7d5 /home/yoshida/.platformio/packages/toolchain-xtensa-esp-elf/bin/../lib/gcc/xtensa-esp-elf/13.2.0/../../../../xtensa-esp-elf/lib/esp32/crt0.o /home/yoshida/.platformio/packages/toolchain-xtensa-esp-elf/bin/../lib/gcc/xtensa-esp-elf/13.2.0/esp32/crti.o /home/yoshida/.platformio/packages/toolchain-xtensa-esp-elf/bin/../lib/gcc/xtensa-esp-elf/13.2.0/esp32/crtbegin.o -L/home/yoshida/.platformio/packages/toolchain-xtensa-esp-elf/bin/../lib/gcc/xtensa-esp-elf/13.2.0/esp32 -L/home/yoshida/.platformio/packages/toolchain-xtensa-esp-elf/bin/../lib/gcc/xtensa-esp-elf/13.2.0/../../../../xtensa-esp-elf/lib/esp32 -L/home/yoshida/.platformio/packages/toolchain-xtensa-esp-elf/bin/../lib/gcc/xtensa-esp-elf/13.2.0 -L/home/yoshida/.platformio/packages/toolchain-xtensa-esp-elf/bin/../lib/gcc -L/home/yoshida/.platformio/packages/toolchain-xtensa-esp-elf/bin/../lib/gcc/xtensa-esp-elf/13.2.0/../../../../xtensa-esp-elf/lib CMakeFiles/cmTC_4d7d5.dir/CMakeCCompilerABI.c.obj -lgcc -lc -lnosys -lc -lgcc /home/yoshida/.platformio/packages/toolchain-xtensa-esp-elf/bin/../lib/gcc/xtensa-esp-elf/13.2.0/esp32/crtend.o /home/yoshida/.platformio/packages/toolchain-xtensa-esp-elf/bin/../lib/gcc/xtensa-esp-elf/13.2.0/esp32/crtn.o]
    arg [/home/yoshida/.platformio/packages/toolchain-xtensa-esp-elf/bin/../libexec/gcc/xtensa-esp-elf/13.2.0/collect2] ==> ignore
    arg [-plugin] ==> ignore
    arg [/home/yoshida/.platformio/packages/toolchain-xtensa-esp-elf/bin/../libexec/gcc/xtensa-esp-elf/13.2.0/liblto_plugin.so] ==> ignore
    arg [-plugin-opt=/home/yoshida/.platformio/packages/toolchain-xtensa-esp-elf/bin/../libexec/gcc/xtensa-esp-elf/13.2.0/lto-wrapper] ==> ignore
    arg [-plugin-opt=-fresolution=/tmp/ccQQMWxr.res] ==> ignore
    arg [-plugin-opt=-pass-through=-lgcc] ==> ignore
    arg [-plugin-opt=-pass-through=-lc] ==> ignore
    arg [-plugin-opt=-pass-through=-lnosys] ==> ignore
    arg [-plugin-opt=-pass-through=-lc] ==> ignore
    arg [-plugin-opt=-pass-through=-lgcc] ==> ignore
    arg [--dynconfig=xtensa_esp32.so] ==> ignore
    arg [-o] ==> ignore
    arg [cmTC_4d7d5] ==> ignore
    arg [/home/yoshida/.platformio/packages/toolchain-xtensa-esp-elf/bin/../lib/gcc/xtensa-esp-elf/13.2.0/../../../../xtensa-esp-elf/lib/esp32/crt0.o] ==> ignore
    arg [/home/yoshida/.platformio/packages/toolchain-xtensa-esp-elf/bin/../lib/gcc/xtensa-esp-elf/13.2.0/esp32/crti.o] ==> ignore
    arg [/home/yoshida/.platformio/packages/toolchain-xtensa-esp-elf/bin/../lib/gcc/xtensa-esp-elf/13.2.0/esp32/crtbegin.o] ==> ignore
    arg [-L/home/yoshida/.platformio/packages/toolchain-xtensa-esp-elf/bin/../lib/gcc/xtensa-esp-elf/13.2.0/esp32] ==> dir [/home/yoshida/.platformio/packages/toolchain-xtensa-esp-elf/bin/../lib/gcc/xtensa-esp-elf/13.2.0/esp32]
    arg [-L/home/yoshida/.platformio/packages/toolchain-xtensa-esp-elf/bin/../lib/gcc/xtensa-esp-elf/13.2.0/../../../../xtensa-esp-elf/lib/esp32] ==> dir [/home/yoshida/.platformio/packages/toolchain-xtensa-esp-elf/bin/../lib/gcc/xtensa-esp-elf/13.2.0/../../../../xtensa-esp-elf/lib/esp32]
    arg [-L/home/yoshida/.platformio/packages/toolchain-xtensa-esp-elf/bin/../lib/gcc/xtensa-esp-elf/13.2.0] ==> dir [/home/yoshida/.platformio/packages/toolchain-xtensa-esp-elf/bin/../lib/gcc/xtensa-esp-elf/13.2.0]
    arg [-L/home/yoshida/.platformio/packages/toolchain-xtensa-esp-elf/bin/../lib/gcc] ==> dir [/home/yoshida/.platformio/packages/toolchain-xtensa-esp-elf/bin/../lib/gcc]
    arg [-L/home/yoshida/.platformio/packages/toolchain-xtensa-esp-elf/bin/../lib/gcc/xtensa-esp-elf/13.2.0/../../../../xtensa-esp-elf/lib] ==> dir [/home/yoshida/.platformio/packages/toolchain-xtensa-esp-elf/bin/../lib/gcc/xtensa-esp-elf/13.2.0/../../../../xtensa-esp-elf/lib]
    arg [CMakeFiles/cmTC_4d7d5.dir/CMakeCCompilerABI.c.obj] ==> ignore
    arg [-lgcc] ==> lib [gcc]
    arg [-lc] ==> lib [c]
    arg [-lnosys] ==> lib [nosys]
    arg [-lc] ==> lib [c]
    arg [-lgcc] ==> lib [gcc]
    arg [/home/yoshida/.platformio/packages/toolchain-xtensa-esp-elf/bin/../lib/gcc/xtensa-esp-elf/13.2.0/esp32/crtend.o] ==> ignore
    arg [/home/yoshida/.platformio/packages/toolchain-xtensa-esp-elf/bin/../lib/gcc/xtensa-esp-elf/13.2.0/esp32/crtn.o] ==> ignore
  collapse library dir [/home/yoshida/.platformio/packages/toolchain-xtensa-esp-elf/bin/../lib/gcc/xtensa-esp-elf/13.2.0/esp32] ==> [/home/yoshida/.platformio/packages/toolchain-xtensa-esp-elf/lib/gcc/xtensa-esp-elf/13.2.0/esp32]
  collapse library dir [/home/yoshida/.platformio/packages/toolchain-xtensa-esp-elf/bin/../lib/gcc/xtensa-esp-elf/13.2.0/../../../../xtensa-esp-elf/lib/esp32] ==> [/home/yoshida/.platformio/packages/toolchain-xtensa-esp-elf/xtensa-esp-elf/lib/esp32]
  collapse library dir [/home/yoshida/.platformio/packages/toolchain-xtensa-esp-elf/bin/../lib/gcc/xtensa-esp-elf/13.2.0] ==> [/home/yoshida/.platformio/packages/toolchain-xtensa-esp-elf/lib/gcc/xtensa-esp-elf/13.2.0]
  collapse library dir [/home/yoshida/.platformio/packages/toolchain-xtensa-esp-elf/bin/../lib/gcc] ==> [/home/yoshida/.platformio/packages/toolchain-xtensa-esp-elf/lib/gcc]
  collapse library dir [/home/yoshida/.platformio/packages/toolchain-xtensa-esp-elf/bin/../lib/gcc/xtensa-esp-elf/13.2.0/../../../../xtensa-esp-elf/lib] ==> [/home/yoshida/.platformio/packages/toolchain-xtensa-esp-elf/xtensa-esp-elf/lib]
  implicit libs: [gcc;c;nosys;c;gcc]
  implicit dirs: [/home/yoshida/.platformio/packages/toolchain-xtensa-esp-elf/lib/gcc/xtensa-esp-elf/13.2.0/esp32;/home/yoshida/.platformio/packages/toolchain-xtensa-esp-elf/xtensa-esp-elf/lib/esp32;/home/yoshida/.platformio/packages/toolchain-xtensa-esp-elf/lib/gcc/xtensa-esp-elf/13.2.0;/home/yoshida/.platformio/packages/toolchain-xtensa-esp-elf/lib/gcc;/home/yoshida/.platformio/packages/toolchain-xtensa-esp-elf/xtensa-esp-elf/lib]
  implicit fwks: []


Determining if the CXX compiler works passed with the following output:
Change Dir: /home/yoshida/study/Mecanum_Control/.pio/build/esp32/CMakeFiles/CMakeTmp

Run Build Command(s):/home/yoshida/.platformio/packages/tool-ninja/ninja cmTC_33e58 && [1/2] Building CXX object CMakeFiles/cmTC_33e58.dir/testCXXCompiler.cxx.obj
[2/2] Linking CXX executable cmTC_33e58



Detecting CXX compiler ABI info compiled with the following output:
Change Dir: /home/yoshida/study/Mecanum_Control/.pio/build/esp32/CMakeFiles/CMakeTmp

Run Build Command(s):/home/yoshida/.platformio/packages/tool-ninja/ninja cmTC_32b1d && [1/2] Building CXX object CMakeFiles/cmTC_32b1d.dir/CMakeCXXCompilerABI.cpp.obj
Using built-in specs.
COLLECT_GCC=/home/yoshida/.platformio/packages/toolchain-xtensa-esp-elf/bin/xtensa-esp-elf-g++
Target: xtensa-esp-elf
Configured with: /builds/idf/crosstool-NG/.build/xtensa-esp-elf/src/gcc/configure --build=x86_64-build_pc-linux-gnu --host=x86_64-build_pc-linux-gnu --target=xtensa-esp-elf --prefix=/builds/idf/crosstool-NG/builds/xtensa-esp-elf --exec_prefix=/builds/idf/crosstool-NG/builds/xtensa-esp-elf --with-local-prefix=/builds/idf/crosstool-NG/builds/xtensa-esp-elf/xtensa-esp-elf --with-headers=/builds/idf/crosstool-NG/builds/xtensa-esp-elf/xtensa-esp-elf/include --with-newlib --enable-threads=no --disable-shared --with-pkgversion='crosstool-NG esp-13.2.0_20230928' --disable-__cxa_atexit --enable-cxx-flags=-ffunction-sections --disable-libgomp --disable-libmudflap --disable-libmpx --disable-libssp --disable-libquadmath --disable-libquadmath-support --disable-libstdcxx-verbose --with-gmp=/builds/idf/crosstool-NG/.build/xtensa-esp-elf/buildtools --with-mpfr=/builds/idf/crosstool-NG/.build/xtensa-esp-elf/buildtools --with-mpc=/builds/idf/crosstool-NG/.build/xtensa-esp-elf/buildtools --with-isl=/builds/idf/crosstool-NG/.build/xtensa-esp-elf/buildtools --enable-lto --enable-target-optspace --without-long-double-128 --disable-nls --enable-multiarch --enable-languages=c,c++ --disable-libstdcxx-verbose --enable-threads=posix --enable-gcov-custom-rtio --enable-libstdcxx-time=yes
Thread model: posix
Supported LTO compression algorithms: zlib
gcc version 13.2.0 (crosstool-NG esp-13.2.0_20230928) 
COLLECT_GCC_OPTIONS='-mdynconfig=xtensa_esp32.so' '-mlongcalls' '-Wno-frame-address' '-fno-builtin-memcpy' '-fno-builtin-memset' '-fno-builtin-bzero' '-fno-builtin-stpcpy' '-fno-builtin-strncpy' '-v' '-o' 'CMakeFiles/cmTC_32b1d.dir/CMakeCXXCompilerABI.cpp.obj' '-c' '-dumpdir' 'CMakeFiles/cmTC_32b1d.dir/'
 /home/yoshida/.platformio/packages/toolchain-xtensa-esp-elf/bin/../libexec/gcc/xtensa-esp-elf/13.2.0/cc1plus -quiet -v -imultilib esp32 -iprefix /home/yoshida/.platformio/packages/toolchain-xtensa-esp-elf/bin/../lib/gcc/xtensa-esp-elf/13.2.0/ /home/yoshida/.platformio/packages/tool-cmake@3.16.4/share/cmake-3.16/Modules/CMakeCXXCompilerABI.cpp -quiet -dumpdir CMakeFiles/cmTC_32b1d.dir/ -dumpbase CMakeCXXCompilerABI.cpp.cpp -dumpbase-ext .cpp -mdynconfig=xtensa_esp32.so -mlongcalls -Wno-frame-address -version -fno-builtin-memcpy -fno-builtin-memset -fno-builtin-bzero -fno-builtin-stpcpy -fno-builtin-strncpy -o /tmp/ccHUmJe6.s
GNU C++17 (crosstool-NG esp-13.2.0_20230928) version 13.2.0 (xtensa-esp-elf)
	compiled by GNU C version 4.9.2, GMP version 6.2.1, MPFR version 4.1.0, MPC version 1.2.1, isl version isl-0.24-GMP

GGC heuristics: --param ggc-min-expand=100 --param ggc-min-heapsize=131072
ignoring duplicate directory "/home/yoshida/.platformio/packages/toolchain-xtensa-esp-elf/bin/../lib/gcc/../../lib/gcc/xtensa-esp-elf/13.2.0/../../../../xtensa-esp-elf/include/c++/13.2.0"
ignoring duplicate directory "/home/yoshida/.platformio/packages/toolchain-xtensa-esp-elf/bin/../lib/gcc/../../lib/gcc/xtensa-esp-elf/13.2.0/../../../../xtensa-esp-elf/include/c++/13.2.0/xtensa-esp-elf/esp32"
ignoring duplicate directory "/home/yoshida/.platformio/packages/toolchain-xtensa-esp-elf/bin/../lib/gcc/../../lib/gcc/xtensa-esp-elf/13.2.0/../../../../xtensa-esp-elf/include/c++/13.2.0/backward"
ignoring duplicate directory "/home/yoshida/.platformio/packages/toolchain-xtensa-esp-elf/bin/../lib/gcc/../../lib/gcc/xtensa-esp-elf/13.2.0/include"
ignoring duplicate directory "/home/yoshida/.platformio/packages/toolchain-xtensa-esp-elf/bin/../lib/gcc/../../lib/gcc/xtensa-esp-elf/13.2.0/include-fixed"
ignoring duplicate directory "/home/yoshida/.platformio/packages/toolchain-xtensa-esp-elf/bin/../lib/gcc/../../lib/gcc/xtensa-esp-elf/13.2.0/../../../../xtensa-esp-elf/sys-include"
ignoring duplicate directory "/home/yoshida/.platformio/packages/toolchain-xtensa-esp-elf/bin/../lib/gcc/../../lib/gcc/xtensa-esp-elf/13.2.0/../../../../xtensa-esp-elf/include"
#include "..." search starts here:
#include <...> search starts here:
 /home/yoshida/.platformio/packages/toolchain-xtensa-esp-elf/bin/../lib/gcc/xtensa-esp-elf/13.2.0/../../../../xtensa-esp-elf/include/c++/13.2.0
 /home/yoshida/.platformio/packages/toolchain-xtensa-esp-elf/bin/../lib/gcc/xtensa-esp-elf/13.2.0/../../../../xtensa-esp-elf/include/c++/13.2.0/xtensa-esp-elf/esp32
 /home/yoshida/.platformio/packages/toolchain-xtensa-esp-elf/bin/../lib/gcc/xtensa-esp-elf/13.2.0/../../../../xtensa-esp-elf/include/c++/13.2.0/backward
 /home/yoshida/.platformio/packages/toolchain-xtensa-esp-elf/bin/../lib/gcc/xtensa-esp-elf/13.2.0/include
 /home/yoshida/.platformio/packages/toolchain-xtensa-esp-elf/bin/../lib/gcc/xtensa-esp-elf/13.2.0/include-fixed
 /home/yoshida/.platformio/packages/toolchain-xtensa-esp-elf/bin/../lib/gcc/xtensa-esp-elf/13.2.0/../../../../xtensa-esp-elf/sys-include
 /home/yoshida/.platformio/packages/toolchain-xtensa-esp-elf/bin/../lib/gcc/xtensa-esp-elf/13.2.0/../../../../xtensa-esp-elf/include
End of search list.
Compiler executable checksum: a028436f3bbddb46fb1c3c82b1060db5
COLLECT_GCC_OPTIONS='-mdynconfig=xtensa_esp32.so' '-mlongcalls' '-Wno-frame-address' '-fno-builtin-memcpy' '-fno-builtin-memset' '-fno-builtin-bzero' '-fno-builtin-stpcpy' '-fno-builtin-strncpy' '-v' '-o' 'CMakeFiles/cmTC_32b1d.dir/CMakeCXXCompilerABI.cpp.obj' '-c' '-dumpdir' 'CMakeFiles/cmTC_32b1d.dir/'
 /home/yoshida/.platformio/packages/toolchain-xtensa-esp-elf/bin/../lib/gcc/xtensa-esp-elf/13.2.0/../../../../xtensa-esp-elf/bin/as --traditional-format --longcalls --dynconfig=xtensa_esp32.so -o CMakeFiles/cmTC_32b1d.dir/CMakeCXXCompilerABI.cpp.obj /tmp/ccHUmJe6.s
COMPILER_PATH=/home/yoshida/.platformio/packages/toolchain-xtensa-esp-elf/bin/../libexec/gcc/xtensa-esp-elf/13.2.0/:/home/yoshida/.platformio/packages/toolchain-xtensa-esp-elf/bin/../libexec/gcc/:/home/yoshida/.platformio/packages/toolchain-xtensa-esp-elf/bin/../lib/gcc/xtensa-esp-elf/13.2.0/../../../../xtensa-esp-elf/bin/
LIBRARY_PATH=/home/yoshida/.platformio/packages/toolchain-xtensa-esp-elf/bin/../lib/gcc/xtensa-esp-elf/13.2.0/esp32/:/home/yoshida/.platformio/packages/toolchain-xtensa-esp-elf/bin/../lib/gcc/xtensa-esp-elf/13.2.0/../../../../xtensa-esp-elf/lib/esp32/:/home/yoshida/.platformio/packages/toolchain-xtensa-esp-elf/bin/../lib/gcc/xtensa-esp-elf/13.2.0/:/home/yoshida/.platformio/packages/toolchain-xtensa-esp-elf/bin/../lib/gcc/:/home/yoshida/.platformio/packages/toolchain-xtensa-esp-elf/bin/../lib/gcc/xtensa-esp-elf/13.2.0/../../../../xtensa-esp-elf/lib/
COLLECT_GCC_OPTIONS='-mdynconfig=xtensa_esp32.so' '-mlongcalls' '-Wno-frame-address' '-fno-builtin-memcpy' '-fno-builtin-memset' '-fno-builtin-bzero' '-fno-builtin-stpcpy' '-fno-builtin-strncpy' '-v' '-o' 'CMakeFiles/cmTC_32b1d.dir/CMakeCXXCompilerABI.cpp.obj' '-c' '-dumpdir' 'CMakeFiles/cmTC_32b1d.dir/CMakeCXXCompilerABI.cpp.'
[2/2] Linking CXX executable cmTC_32b1d
Using built-in specs.
COLLECT_GCC=/home/yoshida/.platformio/packages/toolchain-xtensa-esp-elf/bin/xtensa-esp-elf-g++
COLLECT_LTO_WRAPPER=/home/yoshida/.platformio/packages/toolchain-xtensa-esp-elf/bin/../libexec/gcc/xtensa-esp-elf/13.2.0/lto-wrapper
Target: xtensa-esp-elf
Configured with: /builds/idf/crosstool-NG/.build/xtensa-esp-elf/src/gcc/configure --build=x86_64-build_pc-linux-gnu --host=x86_64-build_pc-linux-gnu --target=xtensa-esp-elf --prefix=/builds/idf/crosstool-NG/builds/xtensa-esp-elf --exec_prefix=/builds/idf/crosstool-NG/builds/xtensa-esp-elf --with-local-prefix=/builds/idf/crosstool-NG/builds/xtensa-esp-elf/xtensa-esp-elf --with-headers=/builds/idf/crosstool-NG/builds/xtensa-esp-elf/xtensa-esp-elf/include --with-newlib --enable-threads=no --disable-shared --with-pkgversion='crosstool-NG esp-13.2.0_20230928' --disable-__cxa_atexit --enable-cxx-flags=-ffunction-sections --disable-libgomp --disable-libmudflap --disable-libmpx --disable-libssp --disable-libquadmath --disable-libquadmath-support --disable-libstdcxx-verbose --with-gmp=/builds/idf/crosstool-NG/.build/xtensa-esp-elf/buildtools --with-mpfr=/builds/idf/crosstool-NG/.build/xtensa-esp-elf/buildtools --with-mpc=/builds/idf/crosstool-NG/.build/xtensa-esp-elf/buildtools --with-isl=/builds/idf/crosstool-NG/.build/xtensa-esp-elf/buildtools --enable-lto --enable-target-optspace --without-long-double-128 --disable-nls --enable-multiarch --enable-languages=c,c++ --disable-libstdcxx-verbose --enable-threads=posix --enable-gcov-custom-rtio --enable-libstdcxx-time=yes
Thread model: posix
Supported LTO compression algorithms: zlib
gcc version 13.2.0 (crosstool-NG esp-13.2.0_20230928) 
COMPILER_PATH=/home/yoshida/.platformio/packages/toolchain-xtensa-esp-elf/bin/../libexec/gcc/xtensa-esp-elf/13.2.0/:/home/yoshida/.platformio/packages/toolchain-xtensa-esp-elf/bin/../libexec/gcc/:/home/yoshida/.platformio/packages/toolchain-xtensa-esp-elf/bin/../lib/gcc/xtensa-esp-elf/13.2.0/../../../../xtensa-esp-elf/bin/
LIBRARY_PATH=/home/yoshida/.platformio/packages/toolchain-xtensa-esp-elf/bin/../lib/gcc/xtensa-esp-elf/13.2.0/esp32/:/home/yoshida/.platformio/packages/toolchain-xtensa-esp-elf/bin/../lib/gcc/xtensa-esp-elf/13.2.0/../../../../xtensa-esp-elf/lib/esp32/:/home/yoshida/.platformio/packages/toolchain-xtensa-esp-elf/bin/../lib/gcc/xtensa-esp-elf/13.2.0/:/home/yoshida/.platformio/packages/toolchain-xtensa-esp-elf/bin/../lib/gcc/:/home/yoshida/.platformio/packages/toolchain-xtensa-esp-elf/bin/../lib/gcc/xtensa-esp-elf/13.2.0/../../../../xtensa-esp-elf/lib/
COLLECT_GCC_OPTIONS='-mdynconfig=xtensa_esp32.so' '-mlongcalls' '-Wno-frame-address' '-fno-builtin-memcpy' '-fno-builtin-memset' '-fno-builtin-bzero' '-fno-builtin-stpcpy' '-fno-builtin-strncpy' '-v' '-o' 'cmTC_32b1d' '-dumpdir' 'cmTC_32b1d.'
 /home/yoshida/.platformio/packages/toolchain-xtensa-esp-elf/bin/../libexec/gcc/xtensa-esp-elf/13.2.0/collect2 -plugin /home/yoshida/.platformio/packages/toolchain-xtensa-esp-elf/bin/../libexec/gcc/xtensa-esp-elf/13.2.0/liblto_plugin.so -plugin-opt=/home/yoshida/.platformio/packages/toolchain-xtensa-esp-elf/bin/../libexec/gcc/xtensa-esp-elf/13.2.0/lto-wrapper -plugin-opt=-fresolution=/tmp/ccVcITnq.res -plugin-opt=-pass-through=-lgcc -plugin-opt=-pass-through=-lc -plugin-opt=-pass-through=-lnosys -plugin-opt=-pass-through=-lc -plugin-opt=-pass-through=-lgcc --dynconfig=xtensa_esp32.so -o cmTC_32b1d /home/yoshida/.platformio/packages/toolchain-xtensa-esp-elf/bin/../lib/gcc/xtensa-esp-elf/13.2.0/../../../../xtensa-esp-elf/lib/esp32/crt0.o /home/yoshida/.platformio/packages/toolchain-xtensa-esp-elf/bin/../lib/gcc/xtensa-esp-elf/13.2.0/esp32/crti.o /home/yoshida/.platformio/packages/toolchain-xtensa-esp-elf/bin/../lib/gcc/xtensa-esp-elf/13.2.0/esp32/crtbegin.o -L/home/yoshida/.platformio/packages/toolchain-xtensa-esp-elf/bin/../lib/gcc/xtensa-esp-elf/13.2.0/esp32 -L/home/yoshida/.platformio/packages/toolchain-xtensa-esp-elf/bin/../lib/gcc/xtensa-esp-elf/13.2.0/../../../../xtensa-esp-elf/lib/esp32 -L/home/yoshida/.platformio/packages/toolchain-xtensa-esp-elf/bin/../lib/gcc/xtensa-esp-elf/13.2.0 -L/home/yoshida/.platformio/packages/toolchain-xtensa-esp-elf/bin/../lib/gcc -L/home/yoshida/.platformio/packages/toolchain-xtensa-esp-elf/bin/../lib/gcc/xtensa-esp-elf/13.2.0/../../../../xtensa-esp-elf/lib CMakeFiles/cmTC_32b1d.dir/CMakeCXXCompilerABI.cpp.obj -lstdc++ -lm -lgcc -lc -lnosys -lc -lgcc /home/yoshida/.platformio/packages/toolchain-xtensa-esp-elf/bin/../lib/gcc/xtensa-esp-elf/13.2.0/esp32/crtend.o /home/yoshida/.platformio/packages/toolchain-xtensa-esp-elf/bin/../lib/gcc/xtensa-esp-elf/13.2.0/esp32/crtn.o
COLLECT_GCC_OPTIONS='-mdynconfig=xtensa_esp32.so' '-mlongcalls' '-Wno-frame-address' '-fno-builtin-memcpy' '-fno-builtin-memset' '-fno-builtin-bzero' '-fno-builtin-stpcpy' '-fno-builtin-strncpy' '-v' '-o' 'cmTC_32b1d' '-dumpdir' 'cmTC_32b1d.'



Parsed CXX implicit include dir info from above output: rv=done
  found start of include info
  found start of implicit include info
    add: [/home/yoshida/.platformio/packages/toolchain-xtensa-esp-elf/bin/../lib/gcc/xtensa-esp-elf/13.2.0/../../../../xtensa-esp-elf/include/c++/13.2.0]
    add: [/home/yoshida/.platformio/packages/toolchain-xtensa-esp-elf/bin/../lib/gcc/xtensa-esp-elf/13.2.0/../../../../xtensa-esp-elf/include/c++/13.2.0/xtensa-esp-elf/esp32]
    add: [/home/yoshida/.platformio/packages/toolchain-xtensa-esp-elf/bin/../lib/gcc/xtensa-esp-elf/13.2.0/../../../../xtensa-esp-elf/include/c++/13.2.0/backward]
    add: [/home/yoshida/.platformio/packages/toolchain-xtensa-esp-elf/bin/../lib/gcc/xtensa-esp-elf/13.2.0/include]
    add: [/home/yoshida/.platformio/packages/toolchain-xtensa-esp-elf/bin/../lib/gcc/xtensa-esp-elf/13.2.0/include-fixed]
    add: [/home/yoshida/.platformio/packages/toolchain-xtensa-esp-elf/bin/../lib/gcc/xtensa-esp-elf/13.2.0/../../../../xtensa-esp-elf/sys-include]
    add: [/home/yoshida/.platformio/packages/toolchain-xtensa-esp-elf/bin/../lib/gcc/xtensa-esp-elf/13.2.0/../../../../xtensa-esp-elf/include]
  end of search list found
  collapse include dir [/home/yoshida/.platformio/packages/toolchain-xtensa-esp-elf/bin/../lib/gcc/xtensa-esp-elf/13.2.0/../../../../xtensa-esp-elf/include/c++/13.2.0] ==> [/home/yoshida/.platformio/packages/toolchain-xtensa-esp-elf/xtensa-esp-elf/include/c++/13.2.0]
  collapse include dir [/home/yoshida/.platformio/packages/toolchain-xtensa-esp-elf/bin/../lib/gcc/xtensa-esp-elf/13.2.0/../../../../xtensa-esp-elf/include/c++/13.2.0/xtensa-esp-elf/esp32] ==> [/home/yoshida/.platformio/packages/toolchain-xtensa-esp-elf/xtensa-esp-elf/include/c++/13.2.0/xtensa-esp-elf/esp32]
  collapse include dir [/home/yoshida/.platformio/packages/toolchain-xtensa-esp-elf/bin/../lib/gcc/xtensa-esp-elf/13.2.0/../../../../xtensa-esp-elf/include/c++/13.2.0/backward] ==> [/home/yoshida/.platformio/packages/toolchain-xtensa-esp-elf/xtensa-esp-elf/include/c++/13.2.0/backward]
  collapse include dir [/home/yoshida/.platformio/packages/toolchain-xtensa-esp-elf/bin/../lib/gcc/xtensa-esp-elf/13.2.0/include] ==> [/home/yoshida/.platformio/packages/toolchain-xtensa-esp-elf/lib/gcc/xtensa-esp-elf/13.2.0/include]
  collapse include dir [/home/yoshida/.platformio/packages/toolchain-xtensa-esp-elf/bin/../lib/gcc/xtensa-esp-elf/13.2.0/include-fixed] ==> [/home/yoshida/.platformio/packages/toolchain-xtensa-esp-elf/lib/gcc/xtensa-esp-elf/13.2.0/include-fixed]
  collapse include dir [/home/yoshida/.platformio/packages/toolchain-xtensa-esp-elf/bin/../lib/gcc/xtensa-esp-elf/13.2.0/../../../../xtensa-esp-elf/sys-include] ==> [/home/yoshida/.platformio/packages/toolchain-xtensa-esp-elf/xtensa-esp-elf/sys-include]
  collapse include dir [/home/yoshida/.platformio/packages/toolchain-xtensa-esp-elf/bin/../lib/gcc/xtensa-esp-elf/13.2.0/../../../../xtensa-esp-elf/include] ==> [/home/yoshida/.platformio/packages/toolchain-xtensa-esp-elf/xtensa-esp-elf/include]
  implicit include dirs: [/home/yoshida/.platformio/packages/toolchain-xtensa-esp-elf/xtensa-esp-elf/include/c++/13.2.0;/home/yoshida/.platformio/packages/toolchain-xtensa-esp-elf/xtensa-esp-elf/include/c++/13.2.0/xtensa-esp-elf/esp32;/home/yoshida/.platformio/packages/toolchain-xtensa-esp-elf/xtensa-esp-elf/include/c++/13.2.0/backward;/home/yoshida/.platformio/packages/toolchain-xtensa-esp-elf/lib/gcc/xtensa-esp-elf/13.2.0/include;/home/yoshida/.platformio/packages/toolchain-xtensa-esp-elf/lib/gcc/xtensa-esp-elf/13.2.0/include-fixed;/home/yoshida/.platformio/packages/toolchain-xtensa-esp-elf/xtensa-esp-elf/sys-include;/home/yoshida/.platformio/packages/toolchain-xtensa-esp-elf/xtensa-esp-elf/include]


Parsed CXX implicit link information from above output:
  link line regex: [^( *|.*[/\])(xtensa-esp32-elf-ld|CMAKE_LINK_STARTFILE-NOTFOUND|([^/\]+-)?ld|collect2)[^/\]*( |$)]
  ignore line: [Change Dir: /home/yoshida/study/Mecanum_Control/.pio/build/esp32/CMakeFiles/CMakeTmp]
  ignore line: []
  ignore line: [Run Build Command(s):/home/yoshida/.platformio/packages/tool-ninja/ninja cmTC_32b1d && [1/2] Building CXX object CMakeFiles/cmTC_32b1d.dir/CMakeCXXCompilerABI.cpp.obj]
  ignore line: [Using built-in specs.]
  ignore line: [COLLECT_GCC=/home/yoshida/.platformio/packages/toolchain-xtensa-esp-elf/bin/xtensa-esp-elf-g++]
  ignore line: [Target: xtensa-esp-elf]
  ignore line: [Configured with: /builds/idf/crosstool-NG/.build/xtensa-esp-elf/src/gcc/configure --build=x86_64-build_pc-linux-gnu --host=x86_64-build_pc-linux-gnu --target=xtensa-esp-elf --prefix=/builds/idf/crosstool-NG/builds/xtensa-esp-elf --exec_prefix=/builds/idf/crosstool-NG/builds/xtensa-esp-elf --with-local-prefix=/builds/idf/crosstool-NG/builds/xtensa-esp-elf/xtensa-esp-elf --with-headers=/builds/idf/crosstool-NG/builds/xtensa-esp-elf/xtensa-esp-elf/include --with-newlib --enable-threads=no --disable-shared --with-pkgversion='crosstool-NG esp-13.2.0_20230928' --disable-__cxa_atexit --enable-cxx-flags=-ffunction-sections --disable-libgomp --disable-libmudflap --disable-libmpx --disable-libssp --disable-libquadmath --disable-libquadmath-support --disable-libstdcxx-verbose --with-gmp=/builds/idf/crosstool-NG/.build/xtensa-esp-elf/buildtools --with-mpfr=/builds/idf/crosstool-NG/.build/xtensa-esp-elf/buildtools --with-mpc=/builds/idf/crosstool-NG/.build/xtensa-esp-elf/buildtools --with-isl=/builds/idf/crosstool-NG/.build/xtensa-esp-elf/buildtools --enable-lto --enable-target-optspace --without-long-double-128 --disable-nls --enable-multiarch --enable-languages=c c++ --disable-libstdcxx-verbose --enable-threads=posix --enable-gcov-custom-rtio --enable-libstdcxx-time=yes]
  ignore line: [Thread model: posix]
  ignore line: [Supported LTO compression algorithms: zlib]
  ignore line: [gcc version 13.2.0 (crosstool-NG esp-13.2.0_20230928) ]
  ignore line: [COLLECT_GCC_OPTIONS='-mdynconfig=xtensa_esp32.so' '-mlongcalls' '-Wno-frame-address' '-fno-builtin-memcpy' '-fno-builtin-memset' '-fno-builtin-bzero' '-fno-builtin-stpcpy' '-fno-builtin-strncpy' '-v' '-o' 'CMakeFiles/cmTC_32b1d.dir/CMakeCXXCompilerABI.cpp.obj' '-c' '-dumpdir' 'CMakeFiles/cmTC_32b1d.dir/']
  ignore line: [ /home/yoshida/.platformio/packages/toolchain-xtensa-esp-elf/bin/../libexec/gcc/xtensa-esp-elf/13.2.0/cc1plus -quiet -v -imultilib esp32 -iprefix /home/yoshida/.platformio/packages/toolchain-xtensa-esp-elf/bin/../lib/gcc/xtensa-esp-elf/13.2.0/ /home/yoshida/.platformio/packages/tool-cmake@3.16.4/share/cmake-3.16/Modules/CMakeCXXCompilerABI.cpp -quiet -dumpdir CMakeFiles/cmTC_32b1d.dir/ -dumpbase CMakeCXXCompilerABI.cpp.cpp -dumpbase-ext .cpp -mdynconfig=xtensa_esp32.so -mlongcalls -Wno-frame-address -version -fno-builtin-memcpy -fno-builtin-memset -fno-builtin-bzero -fno-builtin-stpcpy -fno-builtin-strncpy -o /tmp/ccHUmJe6.s]
  ignore line: [GNU C++17 (crosstool-NG esp-13.2.0_20230928) version 13.2.0 (xtensa-esp-elf)]
  ignore line: [	compiled by GNU C version 4.9.2  GMP version 6.2.1  MPFR version 4.1.0  MPC version 1.2.1  isl version isl-0.24-GMP]
  ignore line: []
  ignore line: [GGC heuristics: --param ggc-min-expand=100 --param ggc-min-heapsize=131072]
  ignore line: [ignoring duplicate directory "/home/yoshida/.platformio/packages/toolchain-xtensa-esp-elf/bin/../lib/gcc/../../lib/gcc/xtensa-esp-elf/13.2.0/../../../../xtensa-esp-elf/include/c++/13.2.0"]
  ignore line: [ignoring duplicate directory "/home/yoshida/.platformio/packages/toolchain-xtensa-esp-elf/bin/../lib/gcc/../../lib/gcc/xtensa-esp-elf/13.2.0/../../../../xtensa-esp-elf/include/c++/13.2.0/xtensa-esp-elf/esp32"]
  ignore line: [ignoring duplicate directory "/home/yoshida/.platformio/packages/toolchain-xtensa-esp-elf/bin/../lib/gcc/../../lib/gcc/xtensa-esp-elf/13.2.0/../../../../xtensa-esp-elf/include/c++/13.2.0/backward"]
  ignore line: [ignoring duplicate directory "/home/yoshida/.platformio/packages/toolchain-xtensa-esp-elf/bin/../lib/gcc/../../lib/gcc/xtensa-esp-elf/13.2.0/include"]
  ignore line: [ignoring duplicate directory "/home/yoshida/.platformio/packages/toolchain-xtensa-esp-elf/bin/../lib/gcc/../../lib/gcc/xtensa-esp-elf/13.2.0/include-fixed"]
  ignore line: [ignoring duplicate directory "/home/yoshida/.platformio/packages/toolchain-xtensa-esp-elf/bin/../lib/gcc/../../lib/gcc/xtensa-esp-elf/13.2.0/../../../../xtensa-esp-elf/sys-include"]
  ignore line: [ignoring duplicate directory "/home/yoshida/.platformio/packages/toolchain-xtensa-esp-elf/bin/../lib/gcc/../../lib/gcc/xtensa-esp-elf/13.2.0/../../../../xtensa-esp-elf/include"]
  ignore line: [#include "..." search starts here:]
  ignore line: [#include <...> search starts here:]
  ignore line: [ /home/yoshida/.platformio/packages/toolchain-xtensa-esp-elf/bin/../lib/gcc/xtensa-esp-elf/13.2.0/../../../../xtensa-esp-elf/include/c++/13.2.0]
  ignore line: [ /home/yoshida/.platformio/packages/toolchain-xtensa-esp-elf/bin/../lib/gcc/xtensa-esp-elf/13.2.0/../../../../xtensa-esp-elf/include/c++/13.2.0/xtensa-esp-elf/esp32]
  ignore line: [ /home/yoshida/.platformio/packages/toolchain-xtensa-esp-elf/bin/../lib/gcc/xtensa-esp-elf/13.2.0/../../../../xtensa-esp-elf/include/c++/13.2.0/backward]
  ignore line: [ /home/yoshida/.platformio/packages/toolchain-xtensa-esp-elf/bin/../lib/gcc/xtensa-esp-elf/13.2.0/include]
  ignore line: [ /home/yoshida/.platformio/packages/toolchain-xtensa-esp-elf/bin/../lib/gcc/xtensa-esp-elf/13.2.0/include-fixed]
  ignore line: [ /home/yoshida/.platformio/packages/toolchain-xtensa-esp-elf/bin/../lib/gcc/xtensa-esp-elf/13.2.0/../../../../xtensa-esp-elf/sys-include]
  ignore line: [ /home/yoshida/.platformio/packages/toolchain-xtensa-esp-elf/bin/../lib/gcc/xtensa-esp-elf/13.2.0/../../../../xtensa-esp-elf/include]
  ignore line: [End of search list.]
  ignore line: [Compiler executable checksum: a028436f3bbddb46fb1c3c82b1060db5]
  ignore line: [COLLECT_GCC_OPTIONS='-mdynconfig=xtensa_esp32.so' '-mlongcalls' '-Wno-frame-address' '-fno-builtin-memcpy' '-fno-builtin-memset' '-fno-builtin-bzero' '-fno-builtin-stpcpy' '-fno-builtin-strncpy' '-v' '-o' 'CMakeFiles/cmTC_32b1d.dir/CMakeCXXCompilerABI.cpp.obj' '-c' '-dumpdir' 'CMakeFiles/cmTC_32b1d.dir/']
  ignore line: [ /home/yoshida/.platformio/packages/toolchain-xtensa-esp-elf/bin/../lib/gcc/xtensa-esp-elf/13.2.0/../../../../xtensa-esp-elf/bin/as --traditional-format --longcalls --dynconfig=xtensa_esp32.so -o CMakeFiles/cmTC_32b1d.dir/CMakeCXXCompilerABI.cpp.obj /tmp/ccHUmJe6.s]
  ignore line: [COMPILER_PATH=/home/yoshida/.platformio/packages/toolchain-xtensa-esp-elf/bin/../libexec/gcc/xtensa-esp-elf/13.2.0/:/home/yoshida/.platformio/packages/toolchain-xtensa-esp-elf/bin/../libexec/gcc/:/home/yoshida/.platformio/packages/toolchain-xtensa-esp-elf/bin/../lib/gcc/xtensa-esp-elf/13.2.0/../../../../xtensa-esp-elf/bin/]
  ignore line: [LIBRARY_PATH=/home/yoshida/.platformio/packages/toolchain-xtensa-esp-elf/bin/../lib/gcc/xtensa-esp-elf/13.2.0/esp32/:/home/yoshida/.platformio/packages/toolchain-xtensa-esp-elf/bin/../lib/gcc/xtensa-esp-elf/13.2.0/../../../../xtensa-esp-elf/lib/esp32/:/home/yoshida/.platformio/packages/toolchain-xtensa-esp-elf/bin/../lib/gcc/xtensa-esp-elf/13.2.0/:/home/yoshida/.platformio/packages/toolchain-xtensa-esp-elf/bin/../lib/gcc/:/home/yoshida/.platformio/packages/toolchain-xtensa-esp-elf/bin/../lib/gcc/xtensa-esp-elf/13.2.0/../../../../xtensa-esp-elf/lib/]
  ignore line: [COLLECT_GCC_OPTIONS='-mdynconfig=xtensa_esp32.so' '-mlongcalls' '-Wno-frame-address' '-fno-builtin-memcpy' '-fno-builtin-memset' '-fno-builtin-bzero' '-fno-builtin-stpcpy' '-fno-builtin-strncpy' '-v' '-o' 'CMakeFiles/cmTC_32b1d.dir/CMakeCXXCompilerABI.cpp.obj' '-c' '-dumpdir' 'CMakeFiles/cmTC_32b1d.dir/CMakeCXXCompilerABI.cpp.']
  ignore line: [[2/2] Linking CXX executable cmTC_32b1d]
  ignore line: [Using built-in specs.]
  ignore line: [COLLECT_GCC=/home/yoshida/.platformio/packages/toolchain-xtensa-esp-elf/bin/xtensa-esp-elf-g++]
  ignore line: [COLLECT_LTO_WRAPPER=/home/yoshida/.platformio/packages/toolchain-xtensa-esp-elf/bin/../libexec/gcc/xtensa-esp-elf/13.2.0/lto-wrapper]
  ignore line: [Target: xtensa-esp-elf]
  ignore line: [Configured with: /builds/idf/crosstool-NG/.build/xtensa-esp-elf/src/gcc/configure --build=x86_64-build_pc-linux-gnu --host=x86_64-build_pc-linux-gnu --target=xtensa-esp-elf --prefix=/builds/idf/crosstool-NG/builds/xtensa-esp-elf --exec_prefix=/builds/idf/crosstool-NG/builds/xtensa-esp-elf --with-local-prefix=/builds/idf/crosstool-NG/builds/xtensa-esp-elf/xtensa-esp-elf --with-headers=/builds/idf/crosstool-NG/builds/xtensa-esp-elf/xtensa-esp-elf/include --with-newlib --enable-threads=no --disable-shared --with-pkgversion='crosstool-NG esp-13.2.0_20230928' --disable-__cxa_atexit --enable-cxx-flags=-ffunction-sections --disable-libgomp --disable-libmudflap --disable-libmpx --disable-libssp --disable-libquadmath --disable-libquadmath-support --disable-libstdcxx-verbose --with-gmp=/builds/idf/crosstool-NG/.build/xtensa-esp-elf/buildtools --with-mpfr=/builds/idf/crosstool-NG/.build/xtensa-esp-elf/buildtools --with-mpc=/builds/idf/crosstool-NG/.build/xtensa-esp-elf/buildtools --with-isl=/builds/idf/crosstool-NG/.build/xtensa-esp-elf/buildtools --enable-lto --enable-target-optspace --without-long-double-128 --disable-nls --enable-multiarch --enable-languages=c c++ --disable-libstdcxx-verbose --enable-threads=posix --enable-gcov-custom-rtio --enable-libstdcxx-time=yes]
  ignore line: [Thread model: posix]
  ignore line: [Supported LTO compression algorithms: zlib]
  ignore line: [gcc version 13.2.0 (crosstool-NG esp-13.2.0_20230928) ]
  ignore line: [COMPILER_PATH=/home/yoshida/.platformio/packages/toolchain-xtensa-esp-elf/bin/../libexec/gcc/xtensa-esp-elf/13.2.0/:/home/yoshida/.platformio/packages/toolchain-xtensa-esp-elf/bin/../libexec/gcc/:/home/yoshida/.platformio/packages/toolchain-xtensa-esp-elf/bin/../lib/gcc/xtensa-esp-elf/13.2.0/../../../../xtensa-esp-elf/bin/]
  ignore line: [LIBRARY_PATH=/home/yoshida/.platformio/packages/toolchain-xtensa-esp-elf/bin/../lib/gcc/xtensa-esp-elf/13.2.0/esp32/:/home/yoshida/.platformio/packages/toolchain-xtensa-esp-elf/bin/../lib/gcc/xtensa-esp-elf/13.2.0/../../../../xtensa-esp-elf/lib/esp32/:/home/yoshida/.platformio/packages/toolchain-xtensa-esp-elf/bin/../lib/gcc/xtensa-esp-elf/13.2.0/:/home/yoshida/.platformio/packages/toolchain-xtensa-esp-elf/bin/../lib/gcc/:/home/yoshida/.platformio/packages/toolchain-xtensa-esp-elf/bin/../lib/gcc/xtensa-esp-elf/13.2.0/../../../../xtensa-esp-elf/lib/]
  ignore line: [COLLECT_GCC_OPTIONS='-mdynconfig=xtensa_esp32.so' '-mlongcalls' '-Wno-frame-address' '-fno-builtin-memcpy' '-fno-builtin-memset' '-fno-builtin-bzero' '-fno-builtin-stpcpy' '-fno-builtin-strncpy' '-v' '-o' 'cmTC_32b1d' '-dumpdir' 'cmTC_32b1d.']
  link line: [ /home/yoshida/.platformio/packages/toolchain-xtensa-esp-elf/bin/../libexec/gcc/xtensa-esp-elf/13.2.0/collect2 -plugin /home/yoshida/.platformio/packages/toolchain-xtensa-esp-elf/bin/../libexec/gcc/xtensa-esp-elf/13.2.0/liblto_plugin.so -plugin-opt=/home/yoshida/.platformio/packages/toolchain-xtensa-esp-elf/bin/../libexec/gcc/xtensa-esp-elf/13.2.0/lto-wrapper -plugin-opt=-fresolution=/tmp/ccVcITnq.res -plugin-opt=-pass-through=-lgcc -plugin-opt=-pass-through=-lc -plugin-opt=-pass-through=-lnosys -plugin-opt=-pass-through=-lc -plugin-opt=-pass-through=-lgcc --dynconfig=xtensa_esp32.so -o cmTC_32b1d /home/yoshida/.platformio/packages/toolchain-xtensa-esp-elf/bin/../lib/gcc/xtensa-esp-elf/13.2.0/../../../../xtensa-esp-elf/lib/esp32/crt0.o /home/yoshida/.platformio/packages/toolchain-xtensa-esp-elf/bin/../lib/gcc/xtensa-esp-elf/13.2.0/esp32/crti.o /home/yoshida/.platformio/packages/toolchain-xtensa-esp-elf/bin/../lib/gcc/xtensa-esp-elf/13.2.0/esp32/crtbegin.o -L/home/yoshida/.platformio/packages/toolchain-xtensa-esp-elf/bin/../lib/gcc/xtensa-esp-elf/13.2.0/esp32 -L/home/yoshida/.platformio/packages/toolchain-xtensa-esp-elf/bin/../lib/gcc/xtensa-esp-elf/13.2.0/../../../../xtensa-esp-elf/lib/esp32 -L/home/yoshida/.platformio/packages/toolchain-xtensa-esp-elf/bin/../lib/gcc/xtensa-esp-elf/13.2.0 -L/home/yoshida/.platformio/packages/toolchain-xtensa-esp-elf/bin/../lib/gcc -L/home/yoshida/.platformio/packages/toolchain-xtensa-esp-elf/bin/../lib/gcc/xtensa-esp-elf/13.2.0/../../../../xtensa-esp-elf/lib CMakeFiles/cmTC_32b1d.dir/CMakeCXXCompilerABI.cpp.obj -lstdc++ -lm -lgcc -lc -lnosys -lc -lgcc /home/yoshida/.platformio/packages/toolchain-xtensa-esp-elf/bin/../lib/gcc/xtensa-esp-elf/13.2.0/esp32/crtend.o /home/yoshida/.platformio/packages/toolchain-xtensa-esp-elf/bin/../lib/gcc/xtensa-esp-elf/13.2.0/esp32/crtn.o]
    arg [/home/yoshida/.platformio/packages/toolchain-xtensa-esp-elf/bin/../libexec/gcc/xtensa-esp-elf/13.2.0/collect2] ==> ignore
    arg [-plugin] ==> ignore
    arg [/home/yoshida/.platformio/packages/toolchain-xtensa-esp-elf/bin/../libexec/gcc/xtensa-esp-elf/13.2.0/liblto_plugin.so] ==> ignore
    arg [-plugin-opt=/home/yoshida/.platformio/packages/toolchain-xtensa-esp-elf/bin/../libexec/gcc/xtensa-esp-elf/13.2.0/lto-wrapper] ==> ignore
    arg [-plugin-opt=-fresolution=/tmp/ccVcITnq.res] ==> ignore
    arg [-plugin-opt=-pass-through=-lgcc] ==> ignore
    arg [-plugin-opt=-pass-through=-lc] ==> ignore
    arg [-plugin-opt=-pass-through=-lnosys] ==> ignore
    arg [-plugin-opt=-pass-through=-lc] ==> ignore
    arg [-plugin-opt=-pass-through=-lgcc] ==> ignore
    arg [--dynconfig=xtensa_esp32.so] ==> ignore
    arg [-o] ==> ignore
    arg [cmTC_32b1d] ==> ignore
    arg [/home/yoshida/.platformio/packages/toolchain-xtensa-esp-elf/bin/../lib/gcc/xtensa-esp-elf/13.2.0/../../../../xtensa-esp-elf/lib/esp32/crt0.o] ==> ignore
    arg [/home/yoshida/.platformio/packages/toolchain-xtensa-esp-elf/bin/../lib/gcc/xtensa-esp-elf/13.2.0/esp32/crti.o] ==> ignore
    arg [/home/yoshida/.platformio/packages/toolchain-xtensa-esp-elf/bin/../lib/gcc/xtensa-esp-elf/13.2.0/esp32/crtbegin.o] ==> ignore
    arg [-L/home/yoshida/.platformio/packages/toolchain-xtensa-esp-elf/bin/../lib/gcc/xtensa-esp-elf/13.2.0/esp32] ==> dir [/home/yoshida/.platformio/packages/toolchain-xtensa-esp-elf/bin/../lib/gcc/xtensa-esp-elf/13.2.0/esp32]
    arg [-L/home/yoshida/.platformio/packages/toolchain-xtensa-esp-elf/bin/../lib/gcc/xtensa-esp-elf/13.2.0/../../../../xtensa-esp-elf/lib/esp32] ==> dir [/home/yoshida/.platformio/packages/toolchain-xtensa-esp-elf/bin/../lib/gcc/xtensa-esp-elf/13.2.0/../../../../xtensa-esp-elf/lib/esp32]
    arg [-L/home/yoshida/.platformio/packages/toolchain-xtensa-esp-elf/bin/../lib/gcc/xtensa-esp-elf/13.2.0] ==> dir [/home/yoshida/.platformio/packages/toolchain-xtensa-esp-elf/bin/../lib/gcc/xtensa-esp-elf/13.2.0]
    arg [-L/home/yoshida/.platformio/packages/toolchain-xtensa-esp-elf/bin/../lib/gcc] ==> dir [/home/yoshida/.platformio/packages/toolchain-xtensa-esp-elf/bin/../lib/gcc]
    arg [-L/home/yoshida/.platformio/packages/toolchain-xtensa-esp-elf/bin/../lib/gcc/xtensa-esp-elf/13.2.0/../../../../xtensa-esp-elf/lib] ==> dir [/home/yoshida/.platformio/packages/toolchain-xtensa-esp-elf/bin/../lib/gcc/xtensa-esp-elf/13.2.0/../../../../xtensa-esp-elf/lib]
    arg [CMakeFiles/cmTC_32b1d.dir/CMakeCXXCompilerABI.cpp.obj] ==> ignore
    arg [-lstdc++] ==> lib [stdc++]
    arg [-lm] ==> lib [m]
    arg [-lgcc] ==> lib [gcc]
    arg [-lc] ==> lib [c]
    arg [-lnosys] ==> lib [nosys]
    arg [-lc] ==> lib [c]
    arg [-lgcc] ==> lib [gcc]
    arg [/home/yoshida/.platformio/packages/toolchain-xtensa-esp-elf/bin/../lib/gcc/xtensa-esp-elf/13.2.0/esp32/crtend.o] ==> ignore
    arg [/home/yoshida/.platformio/packages/toolchain-xtensa-esp-elf/bin/../lib/gcc/xtensa-esp-elf/13.2.0/esp32/crtn.o] ==> ignore
  collapse library dir [/home/yoshida/.platformio/packages/toolchain-xtensa-esp-elf/bin/../lib/gcc/xtensa-esp-elf/13.2.0/esp32] ==> [/home/yoshida/.platformio/packages/toolchain-xtensa-esp-elf/lib/gcc/xtensa-esp-elf/13.2.0/esp32]
  collapse library dir [/home/yoshida/.platformio/packages/toolchain-xtensa-esp-elf/bin/../lib/gcc/xtensa-esp-elf/13.2.0/../../../../xtensa-esp-elf/lib/esp32] ==> [/home/yoshida/.platformio/packages/toolchain-xtensa-esp-elf/xtensa-esp-elf/lib/esp32]
  collapse library dir [/home/yoshida/.platformio/packages/toolchain-xtensa-esp-elf/bin/../lib/gcc/xtensa-esp-elf/13.2.0] ==> [/home/yoshida/.platformio/packages/toolchain-xtensa-esp-elf/lib/gcc/xtensa-esp-elf/13.2.0]
  collapse library dir [/home/yoshida/.platformio/packages/toolchain-xtensa-esp-elf/bin/../lib/gcc] ==> [/home/yoshida/.platformio/packages/toolchain-xtensa-esp-elf/lib/gcc]
  collapse library dir [/home/yoshida/.platformio/packages/toolchain-xtensa-esp-elf/bin/../lib/gcc/xtensa-esp-elf/13.2.0/../../../../xtensa-esp-elf/lib] ==> [/home/yoshida/.platformio/packages/toolchain-xtensa-esp-elf/xtensa-esp-elf/lib]
  implicit libs: [stdc++;m;gcc;c;nosys;c;gcc]
  implicit dirs: [/home/yoshida/.platformio/packages/toolchain-xtensa-esp-elf/lib/gcc/xtensa-esp-elf/13.2.0/esp32;/home/yoshida/.platformio/packages/toolchain-xtensa-esp-elf/xtensa-esp-elf/lib/esp32;/home/yoshida/.platformio/packages/toolchain-xtensa-esp-elf/lib/gcc/xtensa-esp-elf/13.2.0;/home/yoshida/.platformio/packages/toolchain-xtensa-esp-elf/lib/gcc;/home/yoshida/.platformio/packages/toolchain-xtensa-esp-elf/xtensa-esp-elf/lib]
  implicit fwks: []


Determining if the include file sys/types.h exists passed with the following output:
Change Dir: /home/yoshida/study/Mecanum_Control/.pio/build/esp32/CMakeFiles/CMakeTmp

Run Build Command(s):/home/yoshida/.platformio/packages/tool-ninja/ninja cmTC_54814 && [1/2] Building C object CMakeFiles/cmTC_54814.dir/CheckIncludeFile.c.obj
[2/2] Linking C executable cmTC_54814



Determining if the include file stdint.h exists passed with the following output:
Change Dir: /home/yoshida/study/Mecanum_Control/.pio/build/esp32/CMakeFiles/CMakeTmp

Run Build Command(s):/home/yoshida/.platformio/packages/tool-ninja/ninja cmTC_29134 && [1/2] Building C object CMakeFiles/cmTC_29134.dir/CheckIncludeFile.c.obj
[2/2] Linking C executable cmTC_29134



Determining if the include file stddef.h exists passed with the following output:
Change Dir: /home/yoshida/study/Mecanum_Control/.pio/build/esp32/CMakeFiles/CMakeTmp

Run Build Command(s):/home/yoshida/.platformio/packages/tool-ninja/ninja cmTC_2d7e7 && [1/2] Building C object CMakeFiles/cmTC_2d7e7.dir/CheckIncludeFile.c.obj
[2/2] Linking C executable cmTC_2d7e7



Determining size of time_t passed with the following output:
Change Dir: /home/yoshida/study/Mecanum_Control/.pio/build/esp32/CMakeFiles/CMakeTmp

Run Build Command(s):/home/yoshida/.platformio/packages/tool-ninja/ninja cmTC_5b2b3 && [1/2] Building C object CMakeFiles/cmTC_5b2b3.dir/TIME_T_SIZE.c.obj
[2/2] Linking C executable cmTC_5b2b3



Determining if the include file pthread.h exists passed with the following output:
Change Dir: /home/yoshida/study/Mecanum_Control/.pio/build/esp32/CMakeFiles/CMakeTmp

Run Build Command(s):/home/yoshida/.platformio/packages/tool-ninja/ninja cmTC_3ea81 && [1/2] Building C object CMakeFiles/cmTC_3ea81.dir/CheckIncludeFile.c.obj
[2/2] Linking C executable cmTC_3ea81



Performing C SOURCE FILE Test CMAKE_HAVE_LIBC_PTHREAD succeeded with the following output:
Change Dir: /home/yoshida/study/Mecanum_Control/.pio/build/esp32/CMakeFiles/CMakeTmp

Run Build Command(s):/home/yoshida/.platformio/packages/tool-ninja/ninja cmTC_00235 && [1/2] Building C object CMakeFiles/cmTC_00235.dir/src.c.obj
[2/2] Linking C executable cmTC_00235
/home/yoshida/.platformio/packages/toolchain-xtensa-esp-elf/bin/../lib/gcc/xtensa-esp-elf/13.2.0/../../../../xtensa-esp-elf/bin/ld: CMakeFiles/cmTC_00235.dir/src.c.obj:(.literal+0x14): warning: pthread_exit is not implemented and will always fail
/home/yoshida/.platformio/packages/toolchain-xtensa-esp-elf/bin/../lib/gcc/xtensa-esp-elf/13.2.0/../../../../xtensa-esp-elf/bin/ld: CMakeFiles/cmTC_00235.dir/src.c.obj:(.literal+0x8): warning: pthread_detach is not implemented and will always fail
/home/yoshida/.platformio/packages/toolchain-xtensa-esp-elf/bin/../lib/gcc/xtensa-esp-elf/13.2.0/../../../../xtensa-esp-elf/bin/ld: CMakeFiles/cmTC_00235.dir/src.c.obj:(.literal+0xc): warning: pthread_join is not implemented and will always fail
/home/yoshida/.platformio/packages/toolchain-xtensa-esp-elf/bin/../lib/gcc/xtensa-esp-elf/13.2.0/../../../../xtensa-esp-elf/bin/ld: CMakeFiles/cmTC_00235.dir/src.c.obj:(.literal+0x4): warning: pthread_create is not implemented and will always fail
/home/yoshida/.platformio/packages/toolchain-xtensa-esp-elf/bin/../lib/gcc/xtensa-esp-elf/13.2.0/../../../../xtensa-esp-elf/bin/ld: CMakeFiles/cmTC_00235.dir/src.c.obj:(.literal+0x10): warning: pthread_atfork is not implemented and will always fail


Source file was:
#include <pthread.h>

void* test_func(void* data)
{
  return data;
}

int main(void)
{
  pthread_t thread;
  pthread_create(&thread, NULL, test_func, NULL);
  pthread_detach(thread);
  pthread_join(thread, NULL);
  pthread_atfork(NULL, NULL, NULL);
  pthread_exit(NULL);

  return 0;
}

Performing C SOURCE FILE Test C_COMPILER_SUPPORTS_WFORMAT_SIGNEDNESS succeeded with the following output:
Change Dir: /home/yoshida/study/Mecanum_Control/.pio/build/esp32/CMakeFiles/CMakeTmp

Run Build Command(s):/home/yoshida/.platformio/packages/tool-ninja/ninja cmTC_76179 && [1/2] Building C object CMakeFiles/cmTC_76179.dir/src.c.obj
[2/2] Linking C executable cmTC_76179


Source file was:
int main(void) { return 0; }
